<?xml version="1.0" encoding="UTF-8"?>
<!-- Generated by org.testng.reporters.JUnitXMLReporter -->
<testsuite hostname="azure_prateek" ignored="0" name="Test" tests="2" failures="2" timestamp="21 May 2020 02:58:48 GMT" time="109.898" errors="0">
  <testcase name="successPaymentFlowTest" time="43.236" classname="gojek.testcases.HomepageTest">
    <failure type="java.lang.AssertionError" message="expected [true] but found [false]">
      <![CDATA[java.lang.AssertionError: expected [true] but found [false]
at gojek.testcases.HomepageTest.successPaymentFlowTest(HomepageTest.java:44)
... Removed 31 stack frames]]>
    </failure>
  </testcase> <!-- successPaymentFlowTest -->
  <testcase name="failedPaymentFlowTest" time="41.881" classname="gojek.testcases.HomepageTest">
    <failure type="java.lang.AssertionError" message="expected [true] but found [false]">
      <![CDATA[java.lang.AssertionError: expected [true] but found [false]
at gojek.testcases.HomepageTest.failedPaymentFlowTest(HomepageTest.java:57)
... Removed 31 stack frames]]>
    </failure>
  </testcase> <!-- failedPaymentFlowTest -->
</testsuite> <!-- Test -->
